{"/Users/tai/workspace/vue-with-cypress-setup/src/components/HelloWorld.vue": {"path":"/Users/tai/workspace/vue-with-cypress-setup/src/components/HelloWorld.vue","statementMap":{"0":{"start":{"line":16,"column":4},"end":{"line":18,"column":6}}},"fnMap":{"0":{"name":"(anonymous_0)","decl":{"start":{"line":15,"column":2},"end":{"line":15,"column":3}},"loc":{"start":{"line":15,"column":9},"end":{"line":19,"column":3}},"line":15}},"branchMap":{},"s":{"0":6},"f":{"0":6},"b":{},"_coverageSchema":"1a1c01bbd47fc00a2c39e90264f33305004495a9","hash":"d0d99a50b4b9fce512c78cba4248ee1302f8cc95"}
}
